<?xml version="1.0" encoding="UTF-8"?>
<!-- Generated by org.testng.reporters.JUnitXMLReporter -->
<testsuite ignored="0" hostname="DESKTOP-INRUQM7" failures="3" tests="4" name="PetTest" time="7.565" errors="0" timestamp="2025-01-29T18:59:26 IST">
  <testcase classname="api.test.UserTest" name="testPostUser" time="2.476">
    <failure type="java.lang.AssertionError" message="expected [200] but found [500]">
      <![CDATA[java.lang.AssertionError: expected [200] but found [500]
at api.test.UserTest.testPostUser(UserTest.java:46)
at java.base/java.util.ArrayList.forEach(ArrayList.java:1597)
... Removed 32 stack frames]]>
    </failure>
  </testcase> <!-- testPostUser -->
  <testcase classname="api.test.UserTest" name="testGetUserByName" time="1.106">
    <failure type="java.lang.AssertionError" message="expected [200] but found [404]">
      <![CDATA[java.lang.AssertionError: expected [200] but found [404]
at api.test.UserTest.testGetUserByName(UserTest.java:59)
at java.base/java.util.ArrayList.forEach(ArrayList.java:1597)
... Removed 32 stack frames]]>
    </failure>
  </testcase> <!-- testGetUserByName -->
  <testcase classname="api.test.UserTest" name="tesUpdateUserByName" time="2.142"/>
  <testcase classname="api.test.UserTest" name="tesDeleteUserByName" time="1.071">
    <failure type="java.lang.AssertionError" message="expected [204] but found [200]">
      <![CDATA[java.lang.AssertionError: expected [204] but found [200]
at api.test.UserTest.tesDeleteUserByName(UserTest.java:87)
at java.base/java.util.ArrayList.forEach(ArrayList.java:1597)
... Removed 32 stack frames]]>
    </failure>
  </testcase> <!-- tesDeleteUserByName -->
</testsuite> <!-- PetTest -->
